<?xml version="1.0" encoding="UTF-8"?>
<!-- Generated by org.testng.reporters.JUnitReportReporter -->
<testsuite skipped="0" hostname="DESKTOP-5AUVHOR" name="testingTimeMachines.chapter9.Benchmark" tests="2" failures="0" timestamp="2022-03-05T23:02:24 CET" time="0.004" errors="0">
  <testcase name="test1Time" time="0.003" classname="testingTimeMachines.chapter9.Benchmark"/>
  <system-out/>
  <testcase name="test2Time" time="0.001" classname="testingTimeMachines.chapter9.Benchmark"/>
  <system-out/>
</testsuite> <!-- testingTimeMachines.chapter9.Benchmark -->
